<?xml version="1.0" encoding="UTF-8" ?>
<testsuite tests="27" failures="0" name="at.aau.ue4.bsp1.RingBufferTest" time="0.026" errors="0" skipped="0">
  <properties>
[...]
</properties>
  <testcase classname="BaseTest" name="shouldReturnTrue_whenEmpty()" time="0.013"/>
  <testcase classname="BaseTest" name="shouldThrow_whenEmptyPoped()" time="0.001"/>
  <testcase classname="BaseTest" name="shouldReturnFalse_whenBufferIsEmpty()" time="0.001"/>
  <testcase classname="BaseTest" name="shouldReturnZero_whenBufferisEmpty()" time="0.002"/>
  <testcase classname="BaseTest" name="shouldDecreaseSize_whenPopItems()" time="0"/>
  <testcase classname="BaseTest" name="shouldReturnException_whenThereIsNoNextElement()" time="0.001"/>
  <testcase classname="BaseTest" name="shouldThrow_whenNoNext()" time="0.001"/>
  <testcase classname="BaseTest" name="shouldReturnTrue_whenBufferIsFull()" time="0"/>
  <testcase classname="BaseTest" name="shouldThrow_whenPushedOverCapacity()" time="0.001"/>
  <testcase classname="BaseTest" name="shouldReturnObjekts_whenExecuted()" time="0.001"/>
  <testcase classname="BaseTest" name="Should_ReturnFive_When_BufferHasFiveElement()" time="0"/>
  <testcase classname="BaseTest" name="shouldReturnException_whenMethodRemoveIsLoaded()" time="0.001"/>
  <testcase classname="BaseTest" name="shouldIncreaseSize_whenPushingItems()" time="0"/>
  <testcase classname="BaseTest" name="shouldThrow_whenExecuted()" time="0"/>
  <testcase classname="BaseTest" name="shouldReturnFalse_whenNotEmpty()" time="0"/>
  <testcase classname="FullMutationScoreTest" name="Should_AssertTrue_When_BufferIsEmpty()" time="0.001"/>
  <testcase classname="FullMutationScoreTest" name="Should_ReturnUnsupportedOperationException_When_MethodRemoveIsLoaded()" time="0"/>
  <testcase classname="FullMutationScoreTest" name="Should_ThrowRuntimeException_When_BufferIsEmpty()" time="0"/>
  <testcase classname="FullMutationScoreTest" name="Should_ReturnItem_When_BufferIsNotEmpty()" time="0"/>
  <testcase classname="FullMutationScoreTest" name="Should_ReturnTrue_When_BufferIsFull()" time="0"/>
  <testcase classname="FullMutationScoreTest" name="Should_AssertFalse_When_BufferIsNotEmpty()" time="0"/>
  <testcase classname="FullMutationScoreTest" name="Should_ReturnFalse_When_BufferIsEmpty()" time="0.001"/>
  <testcase classname="FullMutationScoreTest" name="Should_ReturnFive_When_BufferHasFiveElement()" time="0"/>
  <testcase classname="FullMutationScoreTest" name="Should_ReturnNextElement_When_ThereIsNextElement()" time="0"/>
  <testcase classname="FullMutationScoreTest" name="Should_ReturnZero_When_BufferIsEmpty()" time="0.001"/>
  <testcase classname="FullMutationScoreTest" name="Should_ReturnNoSuchElementException_When_ThereIsNoNextElement()" time="0.001"/>
  <testcase classname="FullMutationScoreTest" name="Should_ThrowRuntimeException_When_BufferLengthIsEqualToCount()" time="0"/>
</testsuite>